-------------------------------------------------------------------------------
Test set: cucumberoptions.TestRunner
-------------------------------------------------------------------------------
Tests run: 13, Failures: 1, Errors: 0, Skipped: 0, Time elapsed: 23.19 sec <<< FAILURE!
Validate Board is updated(Validate organization Module)  Time elapsed: 1.027 sec  <<< FAILURE!
java.lang.AssertionError: expected:<401> but was:<200>
	at org.junit.Assert.fail(Assert.java:89)
	at org.junit.Assert.failNotEquals(Assert.java:835)
	at org.junit.Assert.assertEquals(Assert.java:647)
	at org.junit.Assert.assertEquals(Assert.java:633)
	at stepDefinations.StepDefination.validate_user_got_with_response_success_code(StepDefination.java:56)
	at ?.validate user got with response success code 200(file:///C:/Users/Sony/eclipse-workspace/TrelloAutomationFrameWork/src/test/java/Features/login.feature:61)

